# JRE version: Java(TM) SE Runtime Environment (8.0_77-b03) (build 1.8.0_77-b03)
# Java VM: Java HotSpot(TM) Client VM (25.77-b03 mixed mode, sharing windows-x86 )
Heap:
 def new generation   total 24192K, used 12290K [0x04800000, 0x06230000, 0x09d50000)
  eden space 21568K,  47% used [0x04800000, 0x05214e80, 0x05d10000)
  from space 2624K,  74% used [0x05fa0000, 0x0618baf8, 0x06230000)
  to   space 2624K,   0% used [0x05d10000, 0x05d10000, 0x05fa0000)
 tenured generation   total 53496K, used 32095K [0x09d50000, 0x0d18e000, 0x14800000)
   the space 53496K,  59% used [0x09d50000, 0x0bca7ff8, 0x0bca8000, 0x0d18e000)
 Metaspace       used 2068K, capacity 3293K, committed 3392K, reserved 4480K
GC Heap History (10 events):
Event: 162.811 GC heap before
{Heap before GC invocations=54 (full 2):
 def new generation   total 14208K, used 13655K [0x04800000, 0x05760000, 0x09d50000)
  eden space 12672K, 100% used [0x04800000, 0x05460000, 0x05460000)
  from space 1536K,  64% used [0x055e0000, 0x056d5d10, 0x05760000)
  to   space 1536K,   0% used [0x05460000, 0x05460000, 0x055e0000)
 tenured generation   total 31328K, used 28502K [0x09d50000, 0x0bbe8000, 0x14800000)
   the space 31328K,  90% used [0x09d50000, 0x0b925bc0, 0x0b925c00, 0x0bbe8000)
 Metaspace       used 2061K, capacity 3293K, committed 3392K, reserved 4480K
Event: 162.815 GC heap after
Heap after GC invocations=55 (full 2):
 def new generation   total 14208K, used 1041K [0x04800000, 0x05760000, 0x09d50000)
  eden space 12672K,   0% used [0x04800000, 0x04800000, 0x05460000)
  from space 1536K,  67% used [0x05460000, 0x05564760, 0x055e0000)
  to   space 1536K,   0% used [0x055e0000, 0x055e0000, 0x05760000)
 tenured generation   total 31328K, used 29389K [0x09d50000, 0x0bbe8000, 0x14800000)
   the space 31328K,  93% used [0x09d50000, 0x0ba03790, 0x0ba03800, 0x0bbe8000)
 Metaspace       used 2061K, capacity 3293K, committed 3392K, reserved 4480K
}
Event: 162.818 GC heap before
{Heap before GC invocations=55 (full 2):
 def new generation   total 14208K, used 13713K [0x04800000, 0x05760000, 0x09d50000)
  eden space 12672K, 100% used [0x04800000, 0x05460000, 0x05460000)
  from space 1536K,  67% used [0x05460000, 0x05564760, 0x055e0000)
  to   space 1536K,   0% used [0x055e0000, 0x055e0000, 0x05760000)
 tenured generation   total 31328K, used 29389K [0x09d50000, 0x0bbe8000, 0x14800000)
   the space 31328K,  93% used [0x09d50000, 0x0ba03790, 0x0ba03800, 0x0bbe8000)
 Metaspace       used 2061K, capacity 3293K, committed 3392K, reserved 4480K
Event: 162.821 GC heap after
Heap after GC invocations=56 (full 2):
 def new generation   total 14208K, used 1014K [0x04800000, 0x05760000, 0x09d50000)
  eden space 12672K,   0% used [0x04800000, 0x04800000, 0x05460000)
  from space 1536K,  66% used [0x055e0000, 0x056dd930, 0x05760000)
  to   space 1536K,   0% used [0x05460000, 0x05460000, 0x055e0000)
 tenured generation   total 31328K, used 30269K [0x09d50000, 0x0bbe8000, 0x14800000)
   the space 31328K,  96% used [0x09d50000, 0x0badf4d8, 0x0badf600, 0x0bbe8000)
 Metaspace       used 2061K, capacity 3293K, committed 3392K, reserved 4480K
}
Event: 162.825 GC heap before
{Heap before GC invocations=56 (full 2):
 def new generation   total 14208K, used 13686K [0x04800000, 0x05760000, 0x09d50000)
  eden space 12672K, 100% used [0x04800000, 0x05460000, 0x05460000)
  from space 1536K,  66% used [0x055e0000, 0x056dd930, 0x05760000)
  to   space 1536K,   0% used [0x05460000, 0x05460000, 0x055e0000)
 tenured generation   total 31328K, used 30269K [0x09d50000, 0x0bbe8000, 0x14800000)
   the space 31328K,  96% used [0x09d50000, 0x0badf4d8, 0x0badf600, 0x0bbe8000)
 Metaspace       used 2061K, capacity 3293K, committed 3392K, reserved 4480K
Event: 162.829 GC heap after
Heap after GC invocations=57 (full 2):
 def new generation   total 14208K, used 1045K [0x04800000, 0x05760000, 0x09d50000)
  eden space 12672K,   0% used [0x04800000, 0x04800000, 0x05460000)
  from space 1536K,  68% used [0x05460000, 0x055654c0, 0x055e0000)
  to   space 1536K,   0% used [0x055e0000, 0x055e0000, 0x05760000)
 tenured generation   total 31328K, used 31149K [0x09d50000, 0x0bbe8000, 0x14800000)
   the space 31328K,  99% used [0x09d50000, 0x0bbbb598, 0x0bbbb600, 0x0bbe8000)
 Metaspace       used 2061K, capacity 3293K, committed 3392K, reserved 4480K
}
Event: 162.835 GC heap before
{Heap before GC invocations=57 (full 2):
 def new generation   total 14208K, used 13717K [0x04800000, 0x05760000, 0x09d50000)
  eden space 12672K, 100% used [0x04800000, 0x05460000, 0x05460000)
  from space 1536K,  68% used [0x05460000, 0x055654c0, 0x055e0000)
  to   space 1536K,   0% used [0x055e0000, 0x055e0000, 0x05760000)
 tenured generation   total 31328K, used 31149K [0x09d50000, 0x0bbe8000, 0x14800000)
   the space 31328K,  99% used [0x09d50000, 0x0bbbb598, 0x0bbbb600, 0x0bbe8000)
 Metaspace       used 2061K, capacity 3293K, committed 3392K, reserved 4480K
Event: 162.884 GC heap after
Heap after GC invocations=58 (full 3):
 def new generation   total 24192K, used 591K [0x04800000, 0x06230000, 0x09d50000)
  eden space 21568K,   2% used [0x04800000, 0x04893d90, 0x05d10000)
  from space 2624K,   0% used [0x05d10000, 0x05d10000, 0x05fa0000)
  to   space 2624K,   0% used [0x05fa0000, 0x05fa0000, 0x06230000)
 tenured generation   total 53496K, used 32095K [0x09d50000, 0x0d18e000, 0x14800000)
   the space 53496K,  59% used [0x09d50000, 0x0bca7ff8, 0x0bca8000, 0x0d18e000)
 Metaspace       used 2061K, capacity 3293K, committed 3392K, reserved 4480K
}
Event: 164.544 GC heap before
{Heap before GC invocations=58 (full 3):
 def new generation   total 24192K, used 21568K [0x04800000, 0x06230000, 0x09d50000)
  eden space 21568K, 100% used [0x04800000, 0x05d10000, 0x05d10000)
  from space 2624K,   0% used [0x05d10000, 0x05d10000, 0x05fa0000)
  to   space 2624K,   0% used [0x05fa0000, 0x05fa0000, 0x06230000)
 tenured generation   total 53496K, used 32095K [0x09d50000, 0x0d18e000, 0x14800000)
   the space 53496K,  59% used [0x09d50000, 0x0bca7ff8, 0x0bca8000, 0x0d18e000)
 Metaspace       used 2061K, capacity 3293K, committed 3392K, reserved 4480K
Event: 164.559 GC heap after
Heap after GC invocations=59 (full 3):
 def new generation   total 24192K, used 1966K [0x04800000, 0x06230000, 0x09d50000)
  eden space 21568K,   0% used [0x04800000, 0x04800000, 0x05d10000)
  from space 2624K,  74% used [0x05fa0000, 0x0618baf8, 0x06230000)
  to   space 2624K,   0% used [0x05d10000, 0x05d10000, 0x05fa0000)
 tenured generation   total 53496K, used 32095K [0x09d50000, 0x0d18e000, 0x14800000)
   the space 53496K,  59% used [0x09d50000, 0x0bca7ff8, 0x0bca8000, 0x0d18e000)
 Metaspace       used 2061K, capacity 3293K, committed 3392K, reserved 4480K
}

