# JRE version: Java(TM) SE Runtime Environment (8.0_77-b03) (build 1.8.0_77-b03)
# Java VM: Java HotSpot(TM) Client VM (25.77-b03 mixed mode windows-x86 )
Heap:
 def new generation   total 4928K, used 750K [0x04a00000, 0x04f50000, 0x09f50000)
  eden space 4416K,  10% used [0x04a00000, 0x04a6e998, 0x04e50000)
  from space 512K,  60% used [0x04e50000, 0x04e9cf10, 0x04ed0000)
  to   space 512K,   0% used [0x04ed0000, 0x04ed0000, 0x04f50000)
 tenured generation   total 10944K, used 4098K [0x09f50000, 0x0aa00000, 0x14a00000)
   the space 10944K,  37% used [0x09f50000, 0x0a350b00, 0x0a350c00, 0x0aa00000)
 Metaspace       used 3037K, capacity 3219K, committed 3264K, reserved 4480K
GC Heap History (10 events):
Event: 6.298 GC heap before
{Heap before GC invocations=7 (full 0):
 def new generation   total 4928K, used 4768K [0x04a00000, 0x04f50000, 0x09f50000)
  eden space 4416K, 100% used [0x04a00000, 0x04e50000, 0x04e50000)
  from space 512K,  68% used [0x04ed0000, 0x04f28020, 0x04f50000)
  to   space 512K,   0% used [0x04e50000, 0x04e50000, 0x04ed0000)
 tenured generation   total 10944K, used 2531K [0x09f50000, 0x0aa00000, 0x14a00000)
   the space 10944K,  23% used [0x09f50000, 0x0a1c8ea8, 0x0a1c9000, 0x0aa00000)
 Metaspace       used 2988K, capacity 3150K, committed 3264K, reserved 4480K
Event: 6.299 GC heap after
Heap after GC invocations=8 (full 0):
 def new generation   total 4928K, used 367K [0x04a00000, 0x04f50000, 0x09f50000)
  eden space 4416K,   0% used [0x04a00000, 0x04a00000, 0x04e50000)
  from space 512K,  71% used [0x04e50000, 0x04eabe30, 0x04ed0000)
  to   space 512K,   0% used [0x04ed0000, 0x04ed0000, 0x04f50000)
 tenured generation   total 10944K, used 2849K [0x09f50000, 0x0aa00000, 0x14a00000)
   the space 10944K,  26% used [0x09f50000, 0x0a218440, 0x0a218600, 0x0aa00000)
 Metaspace       used 2988K, capacity 3150K, committed 3264K, reserved 4480K
}
Event: 6.302 GC heap before
{Heap before GC invocations=8 (full 0):
 def new generation   total 4928K, used 4783K [0x04a00000, 0x04f50000, 0x09f50000)
  eden space 4416K, 100% used [0x04a00000, 0x04e50000, 0x04e50000)
  from space 512K,  71% used [0x04e50000, 0x04eabe30, 0x04ed0000)
  to   space 512K,   0% used [0x04ed0000, 0x04ed0000, 0x04f50000)
 tenured generation   total 10944K, used 2849K [0x09f50000, 0x0aa00000, 0x14a00000)
   the space 10944K,  26% used [0x09f50000, 0x0a218440, 0x0a218600, 0x0aa00000)
 Metaspace       used 2988K, capacity 3150K, committed 3264K, reserved 4480K
Event: 6.303 GC heap after
Heap after GC invocations=9 (full 0):
 def new generation   total 4928K, used 371K [0x04a00000, 0x04f50000, 0x09f50000)
  eden space 4416K,   0% used [0x04a00000, 0x04a00000, 0x04e50000)
  from space 512K,  72% used [0x04ed0000, 0x04f2cdb0, 0x04f50000)
  to   space 512K,   0% used [0x04e50000, 0x04e50000, 0x04ed0000)
 tenured generation   total 10944K, used 3159K [0x09f50000, 0x0aa00000, 0x14a00000)
   the space 10944K,  28% used [0x09f50000, 0x0a265f40, 0x0a266000, 0x0aa00000)
 Metaspace       used 2988K, capacity 3150K, committed 3264K, reserved 4480K
}
Event: 8.813 GC heap before
{Heap before GC invocations=9 (full 0):
 def new generation   total 4928K, used 4787K [0x04a00000, 0x04f50000, 0x09f50000)
  eden space 4416K, 100% used [0x04a00000, 0x04e50000, 0x04e50000)
  from space 512K,  72% used [0x04ed0000, 0x04f2cdb0, 0x04f50000)
  to   space 512K,   0% used [0x04e50000, 0x04e50000, 0x04ed0000)
 tenured generation   total 10944K, used 3159K [0x09f50000, 0x0aa00000, 0x14a00000)
   the space 10944K,  28% used [0x09f50000, 0x0a265f40, 0x0a266000, 0x0aa00000)
 Metaspace       used 3029K, capacity 3214K, committed 3264K, reserved 4480K
Event: 8.814 GC heap after
Heap after GC invocations=10 (full 0):
 def new generation   total 4928K, used 415K [0x04a00000, 0x04f50000, 0x09f50000)
  eden space 4416K,   0% used [0x04a00000, 0x04a00000, 0x04e50000)
  from space 512K,  81% used [0x04e50000, 0x04eb7d80, 0x04ed0000)
  to   space 512K,   0% used [0x04ed0000, 0x04ed0000, 0x04f50000)
 tenured generation   total 10944K, used 3476K [0x09f50000, 0x0aa00000, 0x14a00000)
   the space 10944K,  31% used [0x09f50000, 0x0a2b5028, 0x0a2b5200, 0x0aa00000)
 Metaspace       used 3029K, capacity 3214K, committed 3264K, reserved 4480K
}
Event: 8.818 GC heap before
{Heap before GC invocations=10 (full 0):
 def new generation   total 4928K, used 4831K [0x04a00000, 0x04f50000, 0x09f50000)
  eden space 4416K, 100% used [0x04a00000, 0x04e50000, 0x04e50000)
  from space 512K,  81% used [0x04e50000, 0x04eb7d80, 0x04ed0000)
  to   space 512K,   0% used [0x04ed0000, 0x04ed0000, 0x04f50000)
 tenured generation   total 10944K, used 3476K [0x09f50000, 0x0aa00000, 0x14a00000)
   the space 10944K,  31% used [0x09f50000, 0x0a2b5028, 0x0a2b5200, 0x0aa00000)
 Metaspace       used 3030K, capacity 3214K, committed 3264K, reserved 4480K
Event: 8.819 GC heap after
Heap after GC invocations=11 (full 0):
 def new generation   total 4928K, used 372K [0x04a00000, 0x04f50000, 0x09f50000)
  eden space 4416K,   0% used [0x04a00000, 0x04a00000, 0x04e50000)
  from space 512K,  72% used [0x04ed0000, 0x04f2d1c8, 0x04f50000)
  to   space 512K,   0% used [0x04e50000, 0x04e50000, 0x04ed0000)
 tenured generation   total 10944K, used 3783K [0x09f50000, 0x0aa00000, 0x14a00000)
   the space 10944K,  34% used [0x09f50000, 0x0a301da8, 0x0a301e00, 0x0aa00000)
 Metaspace       used 3030K, capacity 3214K, committed 3264K, reserved 4480K
}
Event: 31.865 GC heap before
{Heap before GC invocations=11 (full 0):
 def new generation   total 4928K, used 4788K [0x04a00000, 0x04f50000, 0x09f50000)
  eden space 4416K, 100% used [0x04a00000, 0x04e50000, 0x04e50000)
  from space 512K,  72% used [0x04ed0000, 0x04f2d1c8, 0x04f50000)
  to   space 512K,   0% used [0x04e50000, 0x04e50000, 0x04ed0000)
 tenured generation   total 10944K, used 3783K [0x09f50000, 0x0aa00000, 0x14a00000)
   the space 10944K,  34% used [0x09f50000, 0x0a301da8, 0x0a301e00, 0x0aa00000)
 Metaspace       used 3035K, capacity 3219K, committed 3264K, reserved 4480K
Event: 31.867 GC heap after
Heap after GC invocations=12 (full 0):
 def new generation   total 4928K, used 307K [0x04a00000, 0x04f50000, 0x09f50000)
  eden space 4416K,   0% used [0x04a00000, 0x04a00000, 0x04e50000)
  from space 512K,  60% used [0x04e50000, 0x04e9cf10, 0x04ed0000)
  to   space 512K,   0% used [0x04ed0000, 0x04ed0000, 0x04f50000)
 tenured generation   total 10944K, used 4098K [0x09f50000, 0x0aa00000, 0x14a00000)
   the space 10944K,  37% used [0x09f50000, 0x0a350b00, 0x0a350c00, 0x0aa00000)
 Metaspace       used 3035K, capacity 3219K, committed 3264K, reserved 4480K
}

