# JRE version: Java(TM) SE Runtime Environment (8.0_77-b03) (build 1.8.0_77-b03)
# Java VM: Java HotSpot(TM) Client VM (25.77-b03 mixed mode, sharing windows-x86 )
Heap:
 def new generation   total 14336K, used 3227K [0x04800000, 0x05780000, 0x09d50000)
  eden space 12800K,  20% used [0x04800000, 0x04a8beb8, 0x05480000)
  from space 1536K,  40% used [0x05480000, 0x0551ada0, 0x05600000)
  to   space 1536K,   0% used [0x05600000, 0x05600000, 0x05780000)
 tenured generation   total 31580K, used 23657K [0x09d50000, 0x0bc27000, 0x14800000)
   the space 31580K,  74% used [0x09d50000, 0x0b46a7b8, 0x0b46a800, 0x0bc27000)
 Metaspace       used 799K, capacity 2718K, committed 2752K, reserved 4480K
GC Heap History (10 events):
Event: 8.330 GC heap before
{Heap before GC invocations=50 (full 2):
 def new generation   total 14336K, used 14155K [0x04800000, 0x05780000, 0x09d50000)
  eden space 12800K, 100% used [0x04800000, 0x05480000, 0x05480000)
  from space 1536K,  88% used [0x05600000, 0x05752e08, 0x05780000)
  to   space 1536K,   0% used [0x05480000, 0x05480000, 0x05600000)
 tenured generation   total 31580K, used 18946K [0x09d50000, 0x0bc27000, 0x14800000)
   the space 31580K,  59% used [0x09d50000, 0x0afd0940, 0x0afd0a00, 0x0bc27000)
 Metaspace       used 790K, capacity 2713K, committed 2752K, reserved 4480K
Event: 8.334 GC heap after
Heap after GC invocations=51 (full 2):
 def new generation   total 14336K, used 949K [0x04800000, 0x05780000, 0x09d50000)
  eden space 12800K,   0% used [0x04800000, 0x04800000, 0x05480000)
  from space 1536K,  61% used [0x05480000, 0x0556d740, 0x05600000)
  to   space 1536K,   0% used [0x05600000, 0x05600000, 0x05780000)
 tenured generation   total 31580K, used 20137K [0x09d50000, 0x0bc27000, 0x14800000)
   the space 31580K,  63% used [0x09d50000, 0x0b0fa440, 0x0b0fa600, 0x0bc27000)
 Metaspace       used 790K, capacity 2713K, committed 2752K, reserved 4480K
}
Event: 8.338 GC heap before
{Heap before GC invocations=51 (full 2):
 def new generation   total 14336K, used 13749K [0x04800000, 0x05780000, 0x09d50000)
  eden space 12800K, 100% used [0x04800000, 0x05480000, 0x05480000)
  from space 1536K,  61% used [0x05480000, 0x0556d740, 0x05600000)
  to   space 1536K,   0% used [0x05600000, 0x05600000, 0x05780000)
 tenured generation   total 31580K, used 20137K [0x09d50000, 0x0bc27000, 0x14800000)
   the space 31580K,  63% used [0x09d50000, 0x0b0fa440, 0x0b0fa600, 0x0bc27000)
 Metaspace       used 790K, capacity 2713K, committed 2752K, reserved 4480K
Event: 8.341 GC heap after
Heap after GC invocations=52 (full 2):
 def new generation   total 14336K, used 997K [0x04800000, 0x05780000, 0x09d50000)
  eden space 12800K,   0% used [0x04800000, 0x04800000, 0x05480000)
  from space 1536K,  64% used [0x05600000, 0x056f95a8, 0x05780000)
  to   space 1536K,   0% used [0x05480000, 0x05480000, 0x05600000)
 tenured generation   total 31580K, used 21009K [0x09d50000, 0x0bc27000, 0x14800000)
   the space 31580K,  66% used [0x09d50000, 0x0b1d4740, 0x0b1d4800, 0x0bc27000)
 Metaspace       used 790K, capacity 2713K, committed 2752K, reserved 4480K
}
Event: 8.345 GC heap before
{Heap before GC invocations=52 (full 2):
 def new generation   total 14336K, used 13797K [0x04800000, 0x05780000, 0x09d50000)
  eden space 12800K, 100% used [0x04800000, 0x05480000, 0x05480000)
  from space 1536K,  64% used [0x05600000, 0x056f95a8, 0x05780000)
  to   space 1536K,   0% used [0x05480000, 0x05480000, 0x05600000)
 tenured generation   total 31580K, used 21009K [0x09d50000, 0x0bc27000, 0x14800000)
   the space 31580K,  66% used [0x09d50000, 0x0b1d4740, 0x0b1d4800, 0x0bc27000)
 Metaspace       used 790K, capacity 2713K, committed 2752K, reserved 4480K
Event: 8.347 GC heap after
Heap after GC invocations=53 (full 2):
 def new generation   total 14336K, used 1049K [0x04800000, 0x05780000, 0x09d50000)
  eden space 12800K,   0% used [0x04800000, 0x04800000, 0x05480000)
  from space 1536K,  68% used [0x05480000, 0x05586700, 0x05600000)
  to   space 1536K,   0% used [0x05600000, 0x05600000, 0x05780000)
 tenured generation   total 31580K, used 21866K [0x09d50000, 0x0bc27000, 0x14800000)
   the space 31580K,  69% used [0x09d50000, 0x0b2aabf8, 0x0b2aac00, 0x0bc27000)
 Metaspace       used 790K, capacity 2713K, committed 2752K, reserved 4480K
}
Event: 8.351 GC heap before
{Heap before GC invocations=53 (full 2):
 def new generation   total 14336K, used 13849K [0x04800000, 0x05780000, 0x09d50000)
  eden space 12800K, 100% used [0x04800000, 0x05480000, 0x05480000)
  from space 1536K,  68% used [0x05480000, 0x05586700, 0x05600000)
  to   space 1536K,   0% used [0x05600000, 0x05600000, 0x05780000)
 tenured generation   total 31580K, used 21866K [0x09d50000, 0x0bc27000, 0x14800000)
   the space 31580K,  69% used [0x09d50000, 0x0b2aabf8, 0x0b2aac00, 0x0bc27000)
 Metaspace       used 790K, capacity 2713K, committed 2752K, reserved 4480K
Event: 8.354 GC heap after
Heap after GC invocations=54 (full 2):
 def new generation   total 14336K, used 1088K [0x04800000, 0x05780000, 0x09d50000)
  eden space 12800K,   0% used [0x04800000, 0x04800000, 0x05480000)
  from space 1536K,  70% used [0x05600000, 0x05710190, 0x05780000)
  to   space 1536K,   0% used [0x05480000, 0x05480000, 0x05600000)
 tenured generation   total 31580K, used 22746K [0x09d50000, 0x0bc27000, 0x14800000)
   the space 31580K,  72% used [0x09d50000, 0x0b386b10, 0x0b386c00, 0x0bc27000)
 Metaspace       used 790K, capacity 2713K, committed 2752K, reserved 4480K
}
Event: 69.376 GC heap before
{Heap before GC invocations=54 (full 2):
 def new generation   total 14336K, used 13888K [0x04800000, 0x05780000, 0x09d50000)
  eden space 12800K, 100% used [0x04800000, 0x05480000, 0x05480000)
  from space 1536K,  70% used [0x05600000, 0x05710190, 0x05780000)
  to   space 1536K,   0% used [0x05480000, 0x05480000, 0x05600000)
 tenured generation   total 31580K, used 22746K [0x09d50000, 0x0bc27000, 0x14800000)
   the space 31580K,  72% used [0x09d50000, 0x0b386b10, 0x0b386c00, 0x0bc27000)
 Metaspace       used 798K, capacity 2718K, committed 2752K, reserved 4480K
Event: 69.381 GC heap after
Heap after GC invocations=55 (full 2):
 def new generation   total 14336K, used 619K [0x04800000, 0x05780000, 0x09d50000)
  eden space 12800K,   0% used [0x04800000, 0x04800000, 0x05480000)
  from space 1536K,  40% used [0x05480000, 0x0551ada0, 0x05600000)
  to   space 1536K,   0% used [0x05600000, 0x05600000, 0x05780000)
 tenured generation   total 31580K, used 23657K [0x09d50000, 0x0bc27000, 0x14800000)
   the space 31580K,  74% used [0x09d50000, 0x0b46a7b8, 0x0b46a800, 0x0bc27000)
 Metaspace       used 798K, capacity 2718K, committed 2752K, reserved 4480K
}

