# JRE version: Java(TM) SE Runtime Environment (8.0_77-b03) (build 1.8.0_77-b03)
# Java VM: Java HotSpot(TM) Client VM (25.77-b03 mixed mode windows-x86 )
Heap:
 def new generation   total 24192K, used 2777K [0x04a00000, 0x06430000, 0x09f50000)
  eden space 21568K,   6% used [0x04a00000, 0x04b57970, 0x05f10000)
  from space 2624K,  53% used [0x061a0000, 0x062fed38, 0x06430000)
  to   space 2624K,   0% used [0x05f10000, 0x05f10000, 0x061a0000)
 tenured generation   total 53440K, used 32062K [0x09f50000, 0x0d380000, 0x14a00000)
   the space 53440K,  59% used [0x09f50000, 0x0be9fb48, 0x0be9fc00, 0x0d380000)
 Metaspace       used 9309K, capacity 9533K, committed 9600K, reserved 9600K
GC Heap History (10 events):
Event: 32.691 GC heap before
{Heap before GC invocations=56 (full 2):
 def new generation   total 14400K, used 13861K [0x04a00000, 0x05990000, 0x09f50000)
  eden space 12864K, 100% used [0x04a00000, 0x05690000, 0x05690000)
  from space 1536K,  64% used [0x05810000, 0x059097f8, 0x05990000)
  to   space 1536K,   0% used [0x05690000, 0x05690000, 0x05810000)
 tenured generation   total 31680K, used 28407K [0x09f50000, 0x0be40000, 0x14a00000)
   the space 31680K,  89% used [0x09f50000, 0x0bb0def0, 0x0bb0e000, 0x0be40000)
 Metaspace       used 9303K, capacity 9533K, committed 9600K, reserved 9600K
Event: 32.694 GC heap after
Heap after GC invocations=57 (full 2):
 def new generation   total 14400K, used 929K [0x04a00000, 0x05990000, 0x09f50000)
  eden space 12864K,   0% used [0x04a00000, 0x04a00000, 0x05690000)
  from space 1536K,  60% used [0x05690000, 0x057787e8, 0x05810000)
  to   space 1536K,   0% used [0x05810000, 0x05810000, 0x05990000)
 tenured generation   total 31680K, used 29302K [0x09f50000, 0x0be40000, 0x14a00000)
   the space 31680K,  92% used [0x09f50000, 0x0bbed800, 0x0bbed800, 0x0be40000)
 Metaspace       used 9303K, capacity 9533K, committed 9600K, reserved 9600K
}
Event: 32.700 GC heap before
{Heap before GC invocations=57 (full 2):
 def new generation   total 14400K, used 13793K [0x04a00000, 0x05990000, 0x09f50000)
  eden space 12864K, 100% used [0x04a00000, 0x05690000, 0x05690000)
  from space 1536K,  60% used [0x05690000, 0x057787e8, 0x05810000)
  to   space 1536K,   0% used [0x05810000, 0x05810000, 0x05990000)
 tenured generation   total 31680K, used 29302K [0x09f50000, 0x0be40000, 0x14a00000)
   the space 31680K,  92% used [0x09f50000, 0x0bbed800, 0x0bbed800, 0x0be40000)
 Metaspace       used 9303K, capacity 9533K, committed 9600K, reserved 9600K
Event: 32.703 GC heap after
Heap after GC invocations=58 (full 2):
 def new generation   total 14400K, used 969K [0x04a00000, 0x05990000, 0x09f50000)
  eden space 12864K,   0% used [0x04a00000, 0x04a00000, 0x05690000)
  from space 1536K,  63% used [0x05810000, 0x059026e8, 0x05990000)
  to   space 1536K,   0% used [0x05690000, 0x05690000, 0x05810000)
 tenured generation   total 31680K, used 30177K [0x09f50000, 0x0be40000, 0x14a00000)
   the space 31680K,  95% used [0x09f50000, 0x0bcc8420, 0x0bcc8600, 0x0be40000)
 Metaspace       used 9303K, capacity 9533K, committed 9600K, reserved 9600K
}
Event: 32.709 GC heap before
{Heap before GC invocations=58 (full 2):
 def new generation   total 14400K, used 13833K [0x04a00000, 0x05990000, 0x09f50000)
  eden space 12864K, 100% used [0x04a00000, 0x05690000, 0x05690000)
  from space 1536K,  63% used [0x05810000, 0x059026e8, 0x05990000)
  to   space 1536K,   0% used [0x05690000, 0x05690000, 0x05810000)
 tenured generation   total 31680K, used 30177K [0x09f50000, 0x0be40000, 0x14a00000)
   the space 31680K,  95% used [0x09f50000, 0x0bcc8420, 0x0bcc8600, 0x0be40000)
 Metaspace       used 9303K, capacity 9533K, committed 9600K, reserved 9600K
Event: 32.712 GC heap after
Heap after GC invocations=59 (full 2):
 def new generation   total 14400K, used 973K [0x04a00000, 0x05990000, 0x09f50000)
  eden space 12864K,   0% used [0x04a00000, 0x04a00000, 0x05690000)
  from space 1536K,  63% used [0x05690000, 0x05783700, 0x05810000)
  to   space 1536K,   0% used [0x05810000, 0x05810000, 0x05990000)
 tenured generation   total 31680K, used 31047K [0x09f50000, 0x0be40000, 0x14a00000)
   the space 31680K,  98% used [0x09f50000, 0x0bda1e68, 0x0bda2000, 0x0be40000)
 Metaspace       used 9303K, capacity 9533K, committed 9600K, reserved 9600K
}
Event: 32.720 GC heap before
{Heap before GC invocations=59 (full 2):
 def new generation   total 14400K, used 13837K [0x04a00000, 0x05990000, 0x09f50000)
  eden space 12864K, 100% used [0x04a00000, 0x05690000, 0x05690000)
  from space 1536K,  63% used [0x05690000, 0x05783700, 0x05810000)
  to   space 1536K,   0% used [0x05810000, 0x05810000, 0x05990000)
 tenured generation   total 31680K, used 31047K [0x09f50000, 0x0be40000, 0x14a00000)
   the space 31680K,  98% used [0x09f50000, 0x0bda1e68, 0x0bda2000, 0x0be40000)
 Metaspace       used 9303K, capacity 9533K, committed 9600K, reserved 9600K
Event: 32.766 GC heap after
Heap after GC invocations=60 (full 3):
 def new generation   total 24192K, used 832K [0x04a00000, 0x06430000, 0x09f50000)
  eden space 21568K,   3% used [0x04a00000, 0x04ad03f8, 0x05f10000)
  from space 2624K,   0% used [0x05f10000, 0x05f10000, 0x061a0000)
  to   space 2624K,   0% used [0x061a0000, 0x061a0000, 0x06430000)
 tenured generation   total 53440K, used 32062K [0x09f50000, 0x0d380000, 0x14a00000)
   the space 53440K,  59% used [0x09f50000, 0x0be9fb48, 0x0be9fc00, 0x0d380000)
 Metaspace       used 9303K, capacity 9533K, committed 9600K, reserved 9600K
}
Event: 182.682 GC heap before
{Heap before GC invocations=60 (full 3):
 def new generation   total 24192K, used 21568K [0x04a00000, 0x06430000, 0x09f50000)
  eden space 21568K, 100% used [0x04a00000, 0x05f10000, 0x05f10000)
  from space 2624K,   0% used [0x05f10000, 0x05f10000, 0x061a0000)
  to   space 2624K,   0% used [0x061a0000, 0x061a0000, 0x06430000)
 tenured generation   total 53440K, used 32062K [0x09f50000, 0x0d380000, 0x14a00000)
   the space 53440K,  59% used [0x09f50000, 0x0be9fb48, 0x0be9fc00, 0x0d380000)
 Metaspace       used 9309K, capacity 9533K, committed 9600K, reserved 9600K
Event: 182.700 GC heap after
Heap after GC invocations=61 (full 3):
 def new generation   total 24192K, used 1403K [0x04a00000, 0x06430000, 0x09f50000)
  eden space 21568K,   0% used [0x04a00000, 0x04a00000, 0x05f10000)
  from space 2624K,  53% used [0x061a0000, 0x062fed38, 0x06430000)
  to   space 2624K,   0% used [0x05f10000, 0x05f10000, 0x061a0000)
 tenured generation   total 53440K, used 32062K [0x09f50000, 0x0d380000, 0x14a00000)
   the space 53440K,  59% used [0x09f50000, 0x0be9fb48, 0x0be9fc00, 0x0d380000)
 Metaspace       used 9309K, capacity 9533K, committed 9600K, reserved 9600K
}

