# JRE version: Java(TM) SE Runtime Environment (8.0_60-b27) (build 1.8.0_60-b27)
# Java VM: Java HotSpot(TM) Client VM (25.60-b23 mixed mode windows-x86 )
Heap:
 def new generation   total 4928K, used 3231K [0x04c00000, 0x05150000, 0x0a150000)
  eden space 4416K,  61% used [0x04c00000, 0x04ea7ec8, 0x05050000)
  from space 512K,  99% used [0x05050000, 0x050cfff8, 0x050d0000)
  to   space 512K,   0% used [0x050d0000, 0x050d0000, 0x05150000)
 tenured generation   total 10944K, used 1192K [0x0a150000, 0x0ac00000, 0x14c00000)
   the space 10944K,  10% used [0x0a150000, 0x0a27a028, 0x0a27a200, 0x0ac00000)
 Metaspace       used 4919K, capacity 5060K, committed 5120K, reserved 5504K
GC Heap History (4 events):
Event: 6.115 GC heap before
{Heap before GC invocations=0 (full 0):
 def new generation   total 4928K, used 4416K [0x04c00000, 0x05150000, 0x0a150000)
  eden space 4416K, 100% used [0x04c00000, 0x05050000, 0x05050000)
  from space 512K,   0% used [0x05050000, 0x05050000, 0x050d0000)
  to   space 512K,   0% used [0x050d0000, 0x050d0000, 0x05150000)
 tenured generation   total 10944K, used 0K [0x0a150000, 0x0ac00000, 0x14c00000)
   the space 10944K,   0% used [0x0a150000, 0x0a150000, 0x0a150200, 0x0ac00000)
 Metaspace       used 2769K, capacity 2798K, committed 2880K, reserved 4480K
Event: 6.117 GC heap after
Heap after GC invocations=1 (full 0):
 def new generation   total 4928K, used 512K [0x04c00000, 0x05150000, 0x0a150000)
  eden space 4416K,   0% used [0x04c00000, 0x04c00000, 0x05050000)
  from space 512K, 100% used [0x050d0000, 0x05150000, 0x05150000)
  to   space 512K,   0% used [0x05050000, 0x05050000, 0x050d0000)
 tenured generation   total 10944K, used 523K [0x0a150000, 0x0ac00000, 0x14c00000)
   the space 10944K,   4% used [0x0a150000, 0x0a1d2fb8, 0x0a1d3000, 0x0ac00000)
 Metaspace       used 2769K, capacity 2798K, committed 2880K, reserved 4480K
}
Event: 6.630 GC heap before
{Heap before GC invocations=1 (full 0):
 def new generation   total 4928K, used 4849K [0x04c00000, 0x05150000, 0x0a150000)
  eden space 4416K,  98% used [0x04c00000, 0x0503c618, 0x05050000)
  from space 512K, 100% used [0x050d0000, 0x05150000, 0x05150000)
  to   space 512K,   0% used [0x05050000, 0x05050000, 0x050d0000)
 tenured generation   total 10944K, used 523K [0x0a150000, 0x0ac00000, 0x14c00000)
   the space 10944K,   4% used [0x0a150000, 0x0a1d2fb8, 0x0a1d3000, 0x0ac00000)
 Metaspace       used 3180K, capacity 3214K, committed 3264K, reserved 4480K
Event: 6.631 GC heap after
Heap after GC invocations=2 (full 0):
 def new generation   total 4928K, used 511K [0x04c00000, 0x05150000, 0x0a150000)
  eden space 4416K,   0% used [0x04c00000, 0x04c00000, 0x05050000)
  from space 512K,  99% used [0x05050000, 0x050cfff8, 0x050d0000)
  to   space 512K,   0% used [0x050d0000, 0x050d0000, 0x05150000)
 tenured generation   total 10944K, used 1192K [0x0a150000, 0x0ac00000, 0x14c00000)
   the space 10944K,  10% used [0x0a150000, 0x0a27a028, 0x0a27a200, 0x0ac00000)
 Metaspace       used 3180K, capacity 3214K, committed 3264K, reserved 4480K
}

