# JRE version: Java(TM) SE Runtime Environment (8.0_77-b03) (build 1.8.0_77-b03)
# Java VM: Java HotSpot(TM) Client VM (25.77-b03 mixed mode, sharing windows-x86 )
Heap:
 def new generation   total 14016K, used 9744K [0x04800000, 0x05730000, 0x09d50000)
  eden space 12480K,  70% used [0x04800000, 0x050a5550, 0x05430000)
  from space 1536K,  58% used [0x055b0000, 0x0568ecb8, 0x05730000)
  to   space 1536K,   0% used [0x05430000, 0x05430000, 0x055b0000)
 tenured generation   total 30964K, used 22494K [0x09d50000, 0x0bb8d000, 0x14800000)
   the space 30964K,  72% used [0x09d50000, 0x0b347a10, 0x0b347c00, 0x0bb8d000)
 Metaspace       used 798K, capacity 2718K, committed 2752K, reserved 4480K
GC Heap History (10 events):
Event: 6.580 GC heap before
{Heap before GC invocations=50 (full 2):
 def new generation   total 14016K, used 12480K [0x04800000, 0x05730000, 0x09d50000)
  eden space 12480K, 100% used [0x04800000, 0x05430000, 0x05430000)
  from space 1536K,   0% used [0x05430000, 0x05430000, 0x055b0000)
  to   space 1536K,   0% used [0x055b0000, 0x055b0000, 0x05730000)
 tenured generation   total 30964K, used 18577K [0x09d50000, 0x0bb8d000, 0x14800000)
   the space 30964K,  59% used [0x09d50000, 0x0af746b8, 0x0af74800, 0x0bb8d000)
 Metaspace       used 790K, capacity 2713K, committed 2752K, reserved 4480K
Event: 6.588 GC heap after
Heap after GC invocations=51 (full 2):
 def new generation   total 14016K, used 1428K [0x04800000, 0x05730000, 0x09d50000)
  eden space 12480K,   0% used [0x04800000, 0x04800000, 0x05430000)
  from space 1536K,  93% used [0x055b0000, 0x05715260, 0x05730000)
  to   space 1536K,   0% used [0x05430000, 0x05430000, 0x055b0000)
 tenured generation   total 30964K, used 18577K [0x09d50000, 0x0bb8d000, 0x14800000)
   the space 30964K,  59% used [0x09d50000, 0x0af746b8, 0x0af74800, 0x0bb8d000)
 Metaspace       used 790K, capacity 2713K, committed 2752K, reserved 4480K
}
Event: 6.599 GC heap before
{Heap before GC invocations=51 (full 2):
 def new generation   total 14016K, used 13899K [0x04800000, 0x05730000, 0x09d50000)
  eden space 12480K,  99% used [0x04800000, 0x0542d9f0, 0x05430000)
  from space 1536K,  93% used [0x055b0000, 0x05715260, 0x05730000)
  to   space 1536K,   0% used [0x05430000, 0x05430000, 0x055b0000)
 tenured generation   total 30964K, used 18577K [0x09d50000, 0x0bb8d000, 0x14800000)
   the space 30964K,  59% used [0x09d50000, 0x0af746b8, 0x0af74800, 0x0bb8d000)
 Metaspace       used 790K, capacity 2713K, committed 2752K, reserved 4480K
Event: 6.603 GC heap after
Heap after GC invocations=52 (full 2):
 def new generation   total 14016K, used 871K [0x04800000, 0x05730000, 0x09d50000)
  eden space 12480K,   0% used [0x04800000, 0x04800000, 0x05430000)
  from space 1536K,  56% used [0x05430000, 0x05509ea8, 0x055b0000)
  to   space 1536K,   0% used [0x055b0000, 0x055b0000, 0x05730000)
 tenured generation   total 30964K, used 19950K [0x09d50000, 0x0bb8d000, 0x14800000)
   the space 30964K,  64% used [0x09d50000, 0x0b0cb8f0, 0x0b0cba00, 0x0bb8d000)
 Metaspace       used 790K, capacity 2713K, committed 2752K, reserved 4480K
}
Event: 8.588 GC heap before
{Heap before GC invocations=52 (full 2):
 def new generation   total 14016K, used 13351K [0x04800000, 0x05730000, 0x09d50000)
  eden space 12480K, 100% used [0x04800000, 0x05430000, 0x05430000)
  from space 1536K,  56% used [0x05430000, 0x05509ea8, 0x055b0000)
  to   space 1536K,   0% used [0x055b0000, 0x055b0000, 0x05730000)
 tenured generation   total 30964K, used 19950K [0x09d50000, 0x0bb8d000, 0x14800000)
   the space 30964K,  64% used [0x09d50000, 0x0b0cb8f0, 0x0b0cba00, 0x0bb8d000)
 Metaspace       used 794K, capacity 2718K, committed 2752K, reserved 4480K
Event: 8.591 GC heap after
Heap after GC invocations=53 (full 2):
 def new generation   total 14016K, used 911K [0x04800000, 0x05730000, 0x09d50000)
  eden space 12480K,   0% used [0x04800000, 0x04800000, 0x05430000)
  from space 1536K,  59% used [0x055b0000, 0x05693df8, 0x05730000)
  to   space 1536K,   0% used [0x05430000, 0x05430000, 0x055b0000)
 tenured generation   total 30964K, used 20786K [0x09d50000, 0x0bb8d000, 0x14800000)
   the space 30964K,  67% used [0x09d50000, 0x0b19cbd0, 0x0b19cc00, 0x0bb8d000)
 Metaspace       used 794K, capacity 2718K, committed 2752K, reserved 4480K
}
Event: 8.602 GC heap before
{Heap before GC invocations=53 (full 2):
 def new generation   total 14016K, used 13391K [0x04800000, 0x05730000, 0x09d50000)
  eden space 12480K, 100% used [0x04800000, 0x05430000, 0x05430000)
  from space 1536K,  59% used [0x055b0000, 0x05693df8, 0x05730000)
  to   space 1536K,   0% used [0x05430000, 0x05430000, 0x055b0000)
 tenured generation   total 30964K, used 20786K [0x09d50000, 0x0bb8d000, 0x14800000)
   the space 30964K,  67% used [0x09d50000, 0x0b19cbd0, 0x0b19cc00, 0x0bb8d000)
 Metaspace       used 794K, capacity 2718K, committed 2752K, reserved 4480K
Event: 8.605 GC heap after
Heap after GC invocations=54 (full 2):
 def new generation   total 14016K, used 908K [0x04800000, 0x05730000, 0x09d50000)
  eden space 12480K,   0% used [0x04800000, 0x04800000, 0x05430000)
  from space 1536K,  59% used [0x05430000, 0x05513030, 0x055b0000)
  to   space 1536K,   0% used [0x055b0000, 0x055b0000, 0x05730000)
 tenured generation   total 30964K, used 21640K [0x09d50000, 0x0bb8d000, 0x14800000)
   the space 30964K,  69% used [0x09d50000, 0x0b272198, 0x0b272200, 0x0bb8d000)
 Metaspace       used 794K, capacity 2718K, committed 2752K, reserved 4480K
}
Event: 8.616 GC heap before
{Heap before GC invocations=54 (full 2):
 def new generation   total 14016K, used 13388K [0x04800000, 0x05730000, 0x09d50000)
  eden space 12480K, 100% used [0x04800000, 0x05430000, 0x05430000)
  from space 1536K,  59% used [0x05430000, 0x05513030, 0x055b0000)
  to   space 1536K,   0% used [0x055b0000, 0x055b0000, 0x05730000)
 tenured generation   total 30964K, used 21640K [0x09d50000, 0x0bb8d000, 0x14800000)
   the space 30964K,  69% used [0x09d50000, 0x0b272198, 0x0b272200, 0x0bb8d000)
 Metaspace       used 794K, capacity 2718K, committed 2752K, reserved 4480K
Event: 8.619 GC heap after
Heap after GC invocations=55 (full 2):
 def new generation   total 14016K, used 891K [0x04800000, 0x05730000, 0x09d50000)
  eden space 12480K,   0% used [0x04800000, 0x04800000, 0x05430000)
  from space 1536K,  58% used [0x055b0000, 0x0568ecb8, 0x05730000)
  to   space 1536K,   0% used [0x05430000, 0x05430000, 0x055b0000)
 tenured generation   total 30964K, used 22494K [0x09d50000, 0x0bb8d000, 0x14800000)
   the space 30964K,  72% used [0x09d50000, 0x0b347a10, 0x0b347c00, 0x0bb8d000)
 Metaspace       used 794K, capacity 2718K, committed 2752K, reserved 4480K
}

